#
# There is insufficient memory for the Java Runtime Environment to continue.
# Native memory allocation (mmap) failed to map 15728640 bytes. Error detail: G1 virtual space
# Possible reasons:
#   The system is out of physical RAM or swap space
#   This process is running with CompressedOops enabled, and the Java Heap may be blocking the growth of the native heap
# Possible solutions:
#   Reduce memory load on the system
#   Increase physical memory or swap space
#   Check if swap backing store is full
#   Decrease Java heap size (-Xmx/-Xms)
#   Decrease number of Java threads
#   Decrease Java thread stack sizes (-Xss)
#   Set larger code cache with -XX:ReservedCodeCacheSize=
#   JVM is running with Unscaled Compressed Oops mode in which the Java heap is
#     placed in the first 4GB address space. The Java Heap base address is the
#     maximum limit for the native heap growth. Please use -XX:HeapBaseMinAddress
#     to set the Java Heap base and to place the Java Heap above 4GB virtual address.
# This output file may be truncated or incomplete.
#
#  Out of Memory Error (os_windows.cpp:3707), pid=12088, tid=6972
#
# JRE version: Java(TM) SE Runtime Environment (23.0.2+7) (build 23.0.2+7-58)
# Java VM: Java HotSpot(TM) 64-Bit Server VM (23.0.2+7-58, mixed mode, sharing, tiered, compressed oops, compressed class ptrs, g1 gc, windows-amd64)
# No core dump will be written. Minidumps are not enabled by default on client versions of Windows
#

---------------  S U M M A R Y ------------

Command Line: -Dapplication.home=C:\Program Files\Java\jdk-23 --add-modules=ALL-DEFAULT -Xms8m -Djdk.module.main=jdk.compiler jdk.compiler/com.sun.tools.javac.Main -d D:\PRAKTIKUM SEM 3\PBO\SISTEM MANAJEMEN HOTEL\build\classes -classpath D:\PRAKTIKUM SEM 3\PBO\SISTEM MANAJEMEN HOTEL\build\classes;C:\Program Files\NetBeans-24\netbeans\java\modules\ext\AbsoluteLayout.jar -sourcepath D:\PRAKTIKUM SEM 3\PBO\SISTEM MANAJEMEN HOTEL\build\empty -target 23 -encoding UTF-8 -g -processorpath C:\Program Files\NetBeans-24\netbeans\java\modules\ext\AbsoluteLayout.jar;D:\PRAKTIKUM SEM 3\PBO\SISTEM MANAJEMEN HOTEL\build\empty -s D:\PRAKTIKUM SEM 3\PBO\SISTEM MANAJEMEN HOTEL\build\generated-sources\ap-source-output -source 23 D:\PRAKTIKUM SEM 3\PBO\SISTEM MANAJEMEN HOTEL\src\Gui\CheckInFrame.java D:\PRAKTIKUM SEM 3\PBO\SISTEM MANAJEMEN HOTEL\src\Gui\CheckOutFrame.java D:\PRAKTIKUM SEM 3\PBO\SISTEM MANAJEMEN HOTEL\src\Gui\HistoryFrame.java D:\PRAKTIKUM SEM 3\PBO\SISTEM MANAJEMEN HOTEL\src\Gui\LoginFrame.java D:\PRAKTIKUM SEM 3\PBO\SISTEM MANAJEMEN HOTEL\src\Gui\MainMenuFrame.java D:\PRAKTIKUM SEM 3\PBO\SISTEM MANAJEMEN HOTEL\src\Gui\ReceiptFrame.java D:\PRAKTIKUM SEM 3\PBO\SISTEM MANAJEMEN HOTEL\src\Gui\RoomListFrame.java D:\PRAKTIKUM SEM 3\PBO\SISTEM MANAJEMEN HOTEL\src\Gui\ThermalPrinter.java D:\PRAKTIKUM SEM 3\PBO\SISTEM MANAJEMEN HOTEL\src\Gui\WeeklyReportFrame.java D:\PRAKTIKUM SEM 3\PBO\SISTEM MANAJEMEN HOTEL\src\Main\HotelApp.java D:\PRAKTIKUM SEM 3\PBO\SISTEM MANAJEMEN HOTEL\src\Main\Sistem_Manajemen_Hotel.java D:\PRAKTIKUM SEM 3\PBO\SISTEM MANAJEMEN HOTEL\src\model\DeluxeRoom.java D:\PRAKTIKUM SEM 3\PBO\SISTEM MANAJEMEN HOTEL\src\model\Employee.java D:\PRAKTIKUM SEM 3\PBO\SISTEM MANAJEMEN HOTEL\src\model\Guest.java D:\PRAKTIKUM SEM 3\PBO\SISTEM MANAJEMEN HOTEL\src\model\Payment.java D:\PRAKTIKUM SEM 3\PBO\SISTEM MANAJEMEN HOTEL\src\model\Room.java D:\PRAKTIKUM SEM 3\PBO\SISTEM MANAJEMEN HOTEL\src\model\StandardRoom.java D:\PRAKTIKUM SEM 3\PBO\SISTEM MANAJEMEN HOTEL\src\model\Transaction.java D:\PRAKTIKUM SEM 3\PBO\SISTEM MANAJEMEN HOTEL\src\service\BookingService.java D:\PRAKTIKUM SEM 3\PBO\SISTEM MANAJEMEN HOTEL\src\service\EmployeeService.java D:\PRAKTIKUM SEM 3\PBO\SISTEM MANAJEMEN HOTEL\src\service\ReceiptGenerator.java D:\PRAKTIKUM SEM 3\PBO\SISTEM MANAJEMEN HOTEL\src\util\Constants.java D:\PRAKTIKUM SEM 3\PBO\SISTEM MANAJEMEN HOTEL\src\util\RupiahFormatter.java

Host: Intel(R) Core(TM) i5-1035G7 CPU @ 1.20GHz, 8 cores, 7G,  Windows 11 , 64 bit Build 26100 (10.0.26100.7309)
Time: Wed Dec  3 06:09:51 2025 SE Asia Standard Time elapsed time: 1.405813 seconds (0d 0h 0m 1s)

---------------  T H R E A D  ---------------

Current thread (0x0000022d43bac320):  VMThread "VM Thread"          [id=6972, stack(0x000000ec3a300000,0x000000ec3a400000) (1024K)]

Stack: [0x000000ec3a300000,0x000000ec3a400000]
Native frames: (J=compiled Java code, j=interpreted, Vv=VM code, C=native code)
V  [jvm.dll+0x6e0b99]  (no source info available)
V  [jvm.dll+0x87e2b3]  (no source info available)
V  [jvm.dll+0x88073e]  (no source info available)
V  [jvm.dll+0x880e13]  (no source info available)
V  [jvm.dll+0x27b006]  (no source info available)
V  [jvm.dll+0x6dd485]  (no source info available)
V  [jvm.dll+0x6d127a]  (no source info available)
V  [jvm.dll+0x35b50a]  (no source info available)
V  [jvm.dll+0x363916]  (no source info available)
V  [jvm.dll+0x34fe7e]  (no source info available)
V  [jvm.dll+0x350118]  (no source info available)
V  [jvm.dll+0x328aec]  (no source info available)
V  [jvm.dll+0x328b7a]  (no source info available)
V  [jvm.dll+0x374db2]  (no source info available)
V  [jvm.dll+0x3734b2]  (no source info available)
V  [jvm.dll+0x3282c7]  (no source info available)
V  [jvm.dll+0x372c64]  (no source info available)
V  [jvm.dll+0x886d50]  (no source info available)
V  [jvm.dll+0x888077]  (no source info available)
V  [jvm.dll+0x8885a8]  (no source info available)
V  [jvm.dll+0x888843]  (no source info available)
V  [jvm.dll+0x8254cb]  (no source info available)
V  [jvm.dll+0x6df345]  (no source info available)
C  [ucrtbase.dll+0x37b0]  (no source info available)
C  [KERNEL32.DLL+0x2e8d7]  (no source info available)
C  [ntdll.dll+0x8c53c]  (no source info available)

VM_Operation (0x000000ec39cfd3d0): G1CollectForAllocation, mode: safepoint, requested by thread 0x0000022d24eeff90


---------------  P R O C E S S  ---------------

Threads class SMR info:
_java_thread_list=0x0000022d89ca47a0, length=13, elements={
0x0000022d24eeff90, 0x0000022d43bc2960, 0x0000022d43bc40e0, 0x0000022d43bca220,
0x0000022d43bcbe70, 0x0000022d43bcc500, 0x0000022d43bccb90, 0x0000022d43be0710,
0x0000022d43be9300, 0x0000022d43bcd220, 0x0000022d890d2790, 0x0000022d43bcd8b0,
0x0000022d890d5740
}

Java Threads: ( => current thread )
  0x0000022d24eeff90 JavaThread "main"                              [_thread_blocked, id=10400, stack(0x000000ec39c00000,0x000000ec39d00000) (1024K)]
  0x0000022d43bc2960 JavaThread "Reference Handler"          daemon [_thread_blocked, id=6156, stack(0x000000ec3a400000,0x000000ec3a500000) (1024K)]
  0x0000022d43bc40e0 JavaThread "Finalizer"                  daemon [_thread_blocked, id=9008, stack(0x000000ec3a500000,0x000000ec3a600000) (1024K)]
  0x0000022d43bca220 JavaThread "Signal Dispatcher"          daemon [_thread_blocked, id=2820, stack(0x000000ec3a600000,0x000000ec3a700000) (1024K)]
  0x0000022d43bcbe70 JavaThread "Attach Listener"            daemon [_thread_blocked, id=10268, stack(0x000000ec3a700000,0x000000ec3a800000) (1024K)]
  0x0000022d43bcc500 JavaThread "Service Thread"             daemon [_thread_blocked, id=9268, stack(0x000000ec3a800000,0x000000ec3a900000) (1024K)]
  0x0000022d43bccb90 JavaThread "Monitor Deflation Thread"   daemon [_thread_blocked, id=8428, stack(0x000000ec3a900000,0x000000ec3aa00000) (1024K)]
  0x0000022d43be0710 JavaThread "C2 CompilerThread0"         daemon [_thread_blocked, id=14940, stack(0x000000ec3aa00000,0x000000ec3ab00000) (1024K)]
  0x0000022d43be9300 JavaThread "C1 CompilerThread0"         daemon [_thread_blocked, id=15880, stack(0x000000ec3ab00000,0x000000ec3ac00000) (1024K)]
  0x0000022d43bcd220 JavaThread "Common-Cleaner"             daemon [_thread_blocked, id=7220, stack(0x000000ec3ac00000,0x000000ec3ad00000) (1024K)]
  0x0000022d890d2790 JavaThread "C2 CompilerThread1"         daemon [_thread_blocked, id=10508, stack(0x000000ec3ad00000,0x000000ec3ae00000) (1024K)]
  0x0000022d43bcd8b0 JavaThread "Notification Thread"        daemon [_thread_blocked, id=6124, stack(0x000000ec3ae00000,0x000000ec3af00000) (1024K)]
  0x0000022d890d5740 JavaThread "C2 CompilerThread2"         daemon [_thread_blocked, id=11884, stack(0x000000ec3b400000,0x000000ec3b500000) (1024K)]
Total: 13

Other Threads:
=>0x0000022d43bac320 VMThread "VM Thread"                           [id=6972, stack(0x000000ec3a300000,0x000000ec3a400000) (1024K)]
  0x0000022d43b991e0 WatcherThread "VM Periodic Task Thread"        [id=15524, stack(0x000000ec3a200000,0x000000ec3a300000) (1024K)]
  0x0000022d271b3640 WorkerThread "GC Thread#0"                     [id=13492, stack(0x000000ec39d00000,0x000000ec39e00000) (1024K)]
  0x0000022d8959f6b0 WorkerThread "GC Thread#1"                     [id=16928, stack(0x000000ec3af00000,0x000000ec3b000000) (1024K)]
  0x0000022d895b68d0 WorkerThread "GC Thread#2"                     [id=17188, stack(0x000000ec3b000000,0x000000ec3b100000) (1024K)]
  0x0000022d895b6c80 WorkerThread "GC Thread#3"                     [id=824, stack(0x000000ec3b100000,0x000000ec3b200000) (1024K)]
  0x0000022d895b7850 WorkerThread "GC Thread#4"                     [id=15432, stack(0x000000ec3b200000,0x000000ec3b300000) (1024K)]
  0x0000022d89874360 WorkerThread "GC Thread#5"                     [id=9908, stack(0x000000ec3b300000,0x000000ec3b400000) (1024K)]
  0x0000022d89eb7860 WorkerThread "GC Thread#6"                     [id=15776, stack(0x000000ec3b500000,0x000000ec3b600000) (1024K)]
  0x0000022d89eb5fb0 WorkerThread "GC Thread#7"                     [id=15896, stack(0x000000ec3b700000,0x000000ec3b800000) (1024K)]
  0x0000022d271c84d0 ConcurrentGCThread "G1 Main Marker"            [id=8500, stack(0x000000ec39e00000,0x000000ec39f00000) (1024K)]
  0x0000022d271c8ef0 WorkerThread "G1 Conc#0"                       [id=17352, stack(0x000000ec39f00000,0x000000ec3a000000) (1024K)]
  0x0000022d89eb4990 WorkerThread "G1 Conc#1"                       [id=3824, stack(0x000000ec3b600000,0x000000ec3b700000) (1024K)]
  0x0000022d43a64390 ConcurrentGCThread "G1 Refine#0"               [id=14160, stack(0x000000ec3a000000,0x000000ec3a100000) (1024K)]
  0x0000022d43a65bd0 ConcurrentGCThread "G1 Service"                [id=11408, stack(0x000000ec3a100000,0x000000ec3a200000) (1024K)]
Total: 15

Threads with active compile tasks:
C2 CompilerThread0  1449 1956       4       com.sun.tools.javac.code.Symtab::enterClass (71 bytes)
C1 CompilerThread0  1449 2343   !   3       com.sun.tools.javac.code.Scope$FilterImportScope::getSymbolsByName (89 bytes)
C2 CompilerThread1  1449 2330       4       com.sun.tools.javac.code.Types::rank (269 bytes)
C2 CompilerThread2  1449 1599   !   4       com.sun.tools.javac.jvm.ClassReader::classSigToType (530 bytes)
Total: 4

VM state: at safepoint (normal execution)

VM Mutex/Monitor currently owned by a thread:  ([mutex/lock_event])
[0x00007ff88cc74888] Threads_lock - owner thread: 0x0000022d43bac320
[0x00007ff88cc74988] Heap_lock - owner thread: 0x0000022d24eeff90

Heap address: 0x0000000086600000, size: 1946 MB, Compressed Oops mode: 32-bit

CDS archive(s) mapped at: [0x0000022d44000000-0x0000022d44d70000-0x0000022d44d70000), size 14090240, SharedBaseAddress: 0x0000022d44000000, ArchiveRelocationMode: 1.
Compressed class space mapped at: 0x0000022d45000000-0x0000022d85000000, reserved size: 1073741824
Narrow klass base: 0x0000022d44000000, Narrow klass shift: 0, Narrow klass range: 0x41000000

GC Precious Log:
 CardTable entry size: 512
 Card Set container configuration: InlinePtr #cards 5 size 8 Array Of Cards #cards 10 size 36 Howl #buckets 4 coarsen threshold 1843 Howl Bitmap #cards 512 size 80 coarsen threshold 460 Card regions per heap region 1 cards per card region 2048
 CPUs: 8 total, 8 available
 Memory: 7778M
 Large Page Support: Disabled
 NUMA Support: Disabled
 Compressed Oops: Enabled (32-bit)
 Heap Region Size: 1M
 Heap Min Capacity: 8M
 Heap Initial Capacity: 8M
 Heap Max Capacity: 1946M
 Pre-touch: Disabled
 Parallel Workers: 8
 Concurrent Workers: 2
 Concurrent Refinement Workers: 8
 Periodic GC: Disabled

Heap:
 garbage-first heap   total reserved 1992704K, committed 20480K, used 12099K [0x0000000086600000, 0x0000000100000000)
  region size 1024K, 1 young (1024K), 1 survivors (1024K)
 Metaspace       used 11280K, committed 11584K, reserved 1114112K
  class space    used 1322K, committed 1472K, reserved 1048576K

Heap Regions: E=young(eden), S=young(survivor), O=old, HS=humongous(starts), HC=humongous(continues), CS=collection set, F=free, TAMS=top-at-mark-start, PB=parsable bottom
|   0|0x0000000086600000, 0x0000000086700000, 0x0000000086700000|100%| O|  |TAMS 0x0000000086700000| PB 0x0000000086600000| Untracked |  0
|   1|0x0000000086700000, 0x0000000086800000, 0x0000000086800000|100%| O|  |TAMS 0x0000000086800000| PB 0x0000000086700000| Untracked |  0
|   2|0x0000000086800000, 0x0000000086900000, 0x0000000086900000|100%| O|  |TAMS 0x0000000086900000| PB 0x0000000086800000| Untracked |  0
|   3|0x0000000086900000, 0x0000000086a00000, 0x0000000086a00000|100%| O|  |TAMS 0x0000000086a00000| PB 0x0000000086900000| Untracked |  0
|   4|0x0000000086a00000, 0x0000000086b00000, 0x0000000086b00000|100%| O|  |TAMS 0x0000000086b00000| PB 0x0000000086a00000| Untracked |  0
|   5|0x0000000086b00000, 0x0000000086c00000, 0x0000000086c00000|100%| O|  |TAMS 0x0000000086c00000| PB 0x0000000086b00000| Untracked |  0
|   6|0x0000000086c00000, 0x0000000086d00000, 0x0000000086d00000|100%| O|  |TAMS 0x0000000086d00000| PB 0x0000000086c00000| Untracked |  0
|   7|0x0000000086d00000, 0x0000000086e00000, 0x0000000086e00000|100%| O|  |TAMS 0x0000000086e00000| PB 0x0000000086d00000| Untracked |  0
|   8|0x0000000086e00000, 0x0000000086f00000, 0x0000000086f00000|100%| O|  |TAMS 0x0000000086f00000| PB 0x0000000086e00000| Untracked |  0
|   9|0x0000000086f00000, 0x0000000087000000, 0x0000000087000000|100%| O|  |TAMS 0x0000000086ffbee0| PB 0x0000000086f00000| Untracked |  0
|  10|0x0000000087000000, 0x0000000087100000, 0x0000000087100000|100%| O|  |TAMS 0x0000000087000000| PB 0x0000000087000000| Untracked |  0
|  11|0x0000000087100000, 0x000000008711d078, 0x0000000087200000| 11%| O|  |TAMS 0x0000000087100000| PB 0x0000000087100000| Untracked |  0
|  12|0x0000000087200000, 0x0000000087200000, 0x0000000087300000|  0%| F|  |TAMS 0x0000000087200000| PB 0x0000000087200000| Untracked |  0
|  13|0x0000000087300000, 0x0000000087300000, 0x0000000087400000|  0%| F|  |TAMS 0x0000000087300000| PB 0x0000000087300000| Untracked |  0
|  14|0x0000000087400000, 0x00000000874b3e18, 0x0000000087500000| 70%| S|CS|TAMS 0x0000000087400000| PB 0x0000000087400000| Complete |  0
|  15|0x0000000087500000, 0x0000000087500000, 0x0000000087600000|  0%| F|  |TAMS 0x0000000087500000| PB 0x0000000087500000| Untracked |  0
|  16|0x0000000087600000, 0x0000000087600000, 0x0000000087700000|  0%| F|  |TAMS 0x0000000087600000| PB 0x0000000087600000| Untracked |  0
|  17|0x0000000087700000, 0x0000000087700000, 0x0000000087800000|  0%| F|  |TAMS 0x0000000087700000| PB 0x0000000087700000| Untracked |  0
|  18|0x0000000087800000, 0x0000000087800000, 0x0000000087900000|  0%| F|  |TAMS 0x0000000087800000| PB 0x0000000087800000| Untracked |  0
|  19|0x0000000087900000, 0x0000000087900000, 0x0000000087a00000|  0%| F|  |TAMS 0x0000000087900000| PB 0x0000000087900000| Untracked |  0

Card table byte_map: [0x0000022d3efa0000,0x0000022d3f370000] _byte_map_base: 0x0000022d3eb6d000

Marking Bits: (CMBitMap*) 0x0000022d271b3c60
 Bits: [0x0000022d3f370000, 0x0000022d411d8000)

Polling page: 0x0000022d25360000

Metaspace:

Usage:
  Non-class:      9.72 MB used.
      Class:      1.29 MB used.
       Both:     11.02 MB used.

Virtual space:
  Non-class space:       64.00 MB reserved,       9.88 MB ( 15%) committed,  1 nodes.
      Class space:        1.00 GB reserved,       1.44 MB ( <1%) committed,  1 nodes.
             Both:        1.06 GB reserved,      11.31 MB (  1%) committed. 

Chunk freelists:
   Non-Class:  4.30 MB
       Class:  14.61 MB
        Both:  18.91 MB

MaxMetaspaceSize: unlimited
CompressedClassSpaceSize: 1.00 GB
Initial GC threshold: 21.00 MB
Current GC threshold: 21.00 MB
CDS: on
 - commit_granule_bytes: 65536.
 - commit_granule_words: 8192.
 - virtual_space_node_default_size: 8388608.
 - enlarge_chunks_in_place: 1.
 - use_allocation_guard: 0.


Internal statistics:

num_allocs_failed_limit: 0.
num_arena_births: 122.
num_arena_deaths: 0.
num_vsnodes_births: 2.
num_vsnodes_deaths: 0.
num_space_committed: 181.
num_space_uncommitted: 0.
num_chunks_returned_to_freelist: 0.
num_chunks_taken_from_freelist: 506.
num_chunk_merges: 0.
num_chunk_splits: 364.
num_chunks_enlarged: 281.
num_inconsistent_stats: 0.

CodeHeap 'non-profiled nmethods': size=120064Kb used=744Kb max_used=744Kb free=119319Kb
 bounds [0x0000022d37360000, 0x0000022d375d0000, 0x0000022d3e8a0000]
CodeHeap 'profiled nmethods': size=120000Kb used=3620Kb max_used=3620Kb free=116379Kb
 bounds [0x0000022d2f8a0000, 0x0000022d2fc30000, 0x0000022d36dd0000]
CodeHeap 'non-nmethods': size=5696Kb used=1492Kb max_used=1544Kb free=4203Kb
 bounds [0x0000022d36dd0000, 0x0000022d37040000, 0x0000022d37360000]
CodeCache: size=245760Kb, used=5856Kb, max_used=5908Kb, free=239901Kb
 total_blobs=2672, nmethods=2185, adapters=392, full_count=0
Compilation: enabled, stopped_count=0, restarted_count=0

Compilation events (20 events):
Event: 1.395 Thread 0x0000022d43be9300 nmethod 2333 0x0000022d2fc24308 code [0x0000022d2fc24440, 0x0000022d2fc247e0]
Event: 1.395 Thread 0x0000022d43be9300 2334       3       com.sun.tools.javac.tree.JCTree$JCLiteral::<init> (15 bytes)
Event: 1.395 Thread 0x0000022d890d2790 nmethod 2269 0x0000022d37419408 code [0x0000022d374195a0, 0x0000022d37419fa0]
Event: 1.395 Thread 0x0000022d43be9300 nmethod 2334 0x0000022d2fc24888 code [0x0000022d2fc249c0, 0x0000022d2fc24c98]
Event: 1.395 Thread 0x0000022d43be9300 2329       3       com.sun.tools.javac.comp.Attr::checkInit (245 bytes)
Event: 1.395 Thread 0x0000022d890d2790 2330       4       com.sun.tools.javac.code.Types::rank (269 bytes)
Event: 1.397 Thread 0x0000022d43be9300 nmethod 2329 0x0000022d2fc24d08 code [0x0000022d2fc24fa0, 0x0000022d2fc26580]
Event: 1.397 Thread 0x0000022d43be9300 2336       3       java.util.JumboEnumSet::add (9 bytes)
Event: 1.397 Thread 0x0000022d43be9300 nmethod 2336 0x0000022d2fc26688 code [0x0000022d2fc267c0, 0x0000022d2fc269d8]
Event: 1.397 Thread 0x0000022d43be9300 2331       3       com.sun.tools.javac.comp.Resolve::findIdentInPackageInternal (140 bytes)
Event: 1.398 Thread 0x0000022d43be9300 nmethod 2331 0x0000022d2fc26a08 code [0x0000022d2fc26c00, 0x0000022d2fc27758]
Event: 1.398 Thread 0x0000022d43be9300 2338       3       com.sun.tools.javac.tree.TreeScanner::visitBlock (9 bytes)
Event: 1.398 Thread 0x0000022d43be9300 nmethod 2338 0x0000022d2fc27808 code [0x0000022d2fc27960, 0x0000022d2fc27f00]
Event: 1.399 Thread 0x0000022d43be9300 2340       3       java.util.stream.Nodes$ArrayNode::<init> (43 bytes)
Event: 1.399 Thread 0x0000022d43be9300 nmethod 2340 0x0000022d2fc27f88 code [0x0000022d2fc280e0, 0x0000022d2fc28558]
Event: 1.399 Thread 0x0000022d43be9300 2337       3       com.sun.tools.javac.tree.JCTree$JCNewClass::accept (6 bytes)
Event: 1.399 Thread 0x0000022d43be9300 nmethod 2337 0x0000022d2fc28588 code [0x0000022d2fc286a0, 0x0000022d2fc28880]
Event: 1.399 Thread 0x0000022d43be9300 2339       3       com.sun.tools.javac.comp.Check::checkForBadAuxiliaryClassAccess (78 bytes)
Event: 1.400 Thread 0x0000022d43be9300 nmethod 2339 0x0000022d2fc28908 code [0x0000022d2fc28ac0, 0x0000022d2fc29168]
Event: 1.400 Thread 0x0000022d43be9300 2343   !   3       com.sun.tools.javac.code.Scope$FilterImportScope::getSymbolsByName (89 bytes)

GC Heap History (20 events):
Event: 0.658 GC heap after
{Heap after GC invocations=7 (full 0):
 garbage-first heap   total reserved 1992704K, committed 10240K, used 4796K [0x0000000086600000, 0x0000000100000000)
  region size 1024K, 1 young (1024K), 1 survivors (1024K)
 Metaspace       used 8985K, committed 9152K, reserved 1114112K
  class space    used 1059K, committed 1152K, reserved 1048576K
}
Event: 0.693 GC heap before
{Heap before GC invocations=7 (full 0):
 garbage-first heap   total reserved 1992704K, committed 10240K, used 6844K [0x0000000086600000, 0x0000000100000000)
  region size 1024K, 3 young (3072K), 1 survivors (1024K)
 Metaspace       used 9058K, committed 9216K, reserved 1114112K
  class space    used 1066K, committed 1152K, reserved 1048576K
}
Event: 0.694 GC heap after
{Heap after GC invocations=8 (full 0):
 garbage-first heap   total reserved 1992704K, committed 10240K, used 5027K [0x0000000086600000, 0x0000000100000000)
  region size 1024K, 1 young (1024K), 1 survivors (1024K)
 Metaspace       used 9058K, committed 9216K, reserved 1114112K
  class space    used 1066K, committed 1152K, reserved 1048576K
}
Event: 0.704 GC heap before
{Heap before GC invocations=8 (full 0):
 garbage-first heap   total reserved 1992704K, committed 10240K, used 7075K [0x0000000086600000, 0x0000000100000000)
  region size 1024K, 3 young (3072K), 1 survivors (1024K)
 Metaspace       used 9073K, committed 9280K, reserved 1114112K
  class space    used 1066K, committed 1152K, reserved 1048576K
}
Event: 0.705 GC heap after
{Heap after GC invocations=9 (full 0):
 garbage-first heap   total reserved 1992704K, committed 10240K, used 5409K [0x0000000086600000, 0x0000000100000000)
  region size 1024K, 1 young (1024K), 1 survivors (1024K)
 Metaspace       used 9073K, committed 9280K, reserved 1114112K
  class space    used 1066K, committed 1152K, reserved 1048576K
}
Event: 0.717 GC heap before
{Heap before GC invocations=10 (full 0):
 garbage-first heap   total reserved 1992704K, committed 10240K, used 7457K [0x0000000086600000, 0x0000000100000000)
  region size 1024K, 3 young (3072K), 1 survivors (1024K)
 Metaspace       used 9089K, committed 9344K, reserved 1114112K
  class space    used 1066K, committed 1152K, reserved 1048576K
}
Event: 0.719 GC heap after
{Heap after GC invocations=11 (full 0):
 garbage-first heap   total reserved 1992704K, committed 10240K, used 5717K [0x0000000086600000, 0x0000000100000000)
  region size 1024K, 1 young (1024K), 1 survivors (1024K)
 Metaspace       used 9089K, committed 9344K, reserved 1114112K
  class space    used 1066K, committed 1152K, reserved 1048576K
}
Event: 0.744 GC heap before
{Heap before GC invocations=11 (full 0):
 garbage-first heap   total reserved 1992704K, committed 10240K, used 7765K [0x0000000086600000, 0x0000000100000000)
  region size 1024K, 3 young (3072K), 1 survivors (1024K)
 Metaspace       used 9180K, committed 9408K, reserved 1114112K
  class space    used 1082K, committed 1152K, reserved 1048576K
}
Event: 0.746 GC heap after
{Heap after GC invocations=12 (full 0):
 garbage-first heap   total reserved 1992704K, committed 10240K, used 6023K [0x0000000086600000, 0x0000000100000000)
  region size 1024K, 1 young (1024K), 1 survivors (1024K)
 Metaspace       used 9180K, committed 9408K, reserved 1114112K
  class space    used 1082K, committed 1152K, reserved 1048576K
}
Event: 0.749 GC heap before
{Heap before GC invocations=12 (full 0):
 garbage-first heap   total reserved 1992704K, committed 10240K, used 7047K [0x0000000086600000, 0x0000000100000000)
  region size 1024K, 2 young (2048K), 1 survivors (1024K)
 Metaspace       used 9180K, committed 9408K, reserved 1114112K
  class space    used 1082K, committed 1152K, reserved 1048576K
}
Event: 0.751 GC heap after
{Heap after GC invocations=13 (full 0):
 garbage-first heap   total reserved 1992704K, committed 20480K, used 6244K [0x0000000086600000, 0x0000000100000000)
  region size 1024K, 1 young (1024K), 1 survivors (1024K)
 Metaspace       used 9180K, committed 9408K, reserved 1114112K
  class space    used 1082K, committed 1152K, reserved 1048576K
}
Event: 0.816 GC heap before
{Heap before GC invocations=14 (full 0):
 garbage-first heap   total reserved 1992704K, committed 20480K, used 13412K [0x0000000086600000, 0x0000000100000000)
  region size 1024K, 9 young (9216K), 1 survivors (1024K)
 Metaspace       used 9265K, committed 9472K, reserved 1114112K
  class space    used 1087K, committed 1152K, reserved 1048576K
}
Event: 0.821 GC heap after
{Heap after GC invocations=15 (full 0):
 garbage-first heap   total reserved 1992704K, committed 20480K, used 7749K [0x0000000086600000, 0x0000000100000000)
  region size 1024K, 2 young (2048K), 2 survivors (2048K)
 Metaspace       used 9265K, committed 9472K, reserved 1114112K
  class space    used 1087K, committed 1152K, reserved 1048576K
}
Event: 0.865 GC heap before
{Heap before GC invocations=15 (full 0):
 garbage-first heap   total reserved 1992704K, committed 20480K, used 13893K [0x0000000086600000, 0x0000000100000000)
  region size 1024K, 8 young (8192K), 2 survivors (2048K)
 Metaspace       used 9331K, committed 9472K, reserved 1114112K
  class space    used 1094K, committed 1152K, reserved 1048576K
}
Event: 0.870 GC heap after
{Heap after GC invocations=16 (full 0):
 garbage-first heap   total reserved 1992704K, committed 20480K, used 8880K [0x0000000086600000, 0x0000000100000000)
  region size 1024K, 1 young (1024K), 1 survivors (1024K)
 Metaspace       used 9331K, committed 9472K, reserved 1114112K
  class space    used 1094K, committed 1152K, reserved 1048576K
}
Event: 0.971 GC heap before
{Heap before GC invocations=16 (full 0):
 garbage-first heap   total reserved 1992704K, committed 20480K, used 15024K [0x0000000086600000, 0x0000000100000000)
  region size 1024K, 7 young (7168K), 1 survivors (1024K)
 Metaspace       used 9710K, committed 9984K, reserved 1114112K
  class space    used 1130K, committed 1280K, reserved 1048576K
}
Event: 0.975 GC heap after
{Heap after GC invocations=17 (full 0):
 garbage-first heap   total reserved 1992704K, committed 20480K, used 10025K [0x0000000086600000, 0x0000000100000000)
  region size 1024K, 1 young (1024K), 1 survivors (1024K)
 Metaspace       used 9710K, committed 9984K, reserved 1114112K
  class space    used 1130K, committed 1280K, reserved 1048576K
}
Event: 1.116 GC heap before
{Heap before GC invocations=17 (full 0):
 garbage-first heap   total reserved 1992704K, committed 20480K, used 15145K [0x0000000086600000, 0x0000000100000000)
  region size 1024K, 7 young (7168K), 1 survivors (1024K)
 Metaspace       used 10445K, committed 10688K, reserved 1114112K
  class space    used 1223K, committed 1344K, reserved 1048576K
}
Event: 1.122 GC heap after
{Heap after GC invocations=18 (full 0):
 garbage-first heap   total reserved 1992704K, committed 20480K, used 11247K [0x0000000086600000, 0x0000000100000000)
  region size 1024K, 1 young (1024K), 1 survivors (1024K)
 Metaspace       used 10445K, committed 10688K, reserved 1114112K
  class space    used 1223K, committed 1344K, reserved 1048576K
}
Event: 1.400 GC heap before
{Heap before GC invocations=18 (full 0):
 garbage-first heap   total reserved 1992704K, committed 20480K, used 16367K [0x0000000086600000, 0x0000000100000000)
  region size 1024K, 6 young (6144K), 1 survivors (1024K)
 Metaspace       used 11280K, committed 11584K, reserved 1114112K
  class space    used 1322K, committed 1472K, reserved 1048576K
}

Dll operation events (6 events):
Event: 0.007 Loaded shared library C:\Program Files\Java\jdk-23\bin\java.dll
Event: 0.032 Loaded shared library C:\Program Files\Java\jdk-23\bin\jsvml.dll
Event: 0.063 Loaded shared library C:\Program Files\Java\jdk-23\bin\jimage.dll
Event: 0.131 Loaded shared library C:\Program Files\Java\jdk-23\bin\net.dll
Event: 0.132 Loaded shared library C:\Program Files\Java\jdk-23\bin\nio.dll
Event: 0.159 Loaded shared library C:\Program Files\Java\jdk-23\bin\zip.dll

Deoptimization events (20 events):
Event: 1.352 Thread 0x0000022d24eeff90 Uncommon trap: trap_request=0xffffffbe fr.pc=0x0000022d37410644 relative=0x00000000000006c4
Event: 1.352 Thread 0x0000022d24eeff90 Uncommon trap: reason=profile_predicate action=maybe_recompile pc=0x0000022d37410644 method=java.util.HashMap.computeIfAbsent(Ljava/lang/Object;Ljava/util/function/Function;)Ljava/lang/Object; @ 114 c2
Event: 1.352 Thread 0x0000022d24eeff90 DEOPT PACKING pc=0x0000022d37410644 sp=0x000000ec39cfbbc0
Event: 1.352 Thread 0x0000022d24eeff90 DEOPT UNPACKING pc=0x0000022d36e27982 sp=0x000000ec39cfbb88 mode 2
Event: 1.352 Thread 0x0000022d24eeff90 Uncommon trap: trap_request=0xffffffbe fr.pc=0x0000022d37410644 relative=0x00000000000006c4
Event: 1.352 Thread 0x0000022d24eeff90 Uncommon trap: reason=profile_predicate action=maybe_recompile pc=0x0000022d37410644 method=java.util.HashMap.computeIfAbsent(Ljava/lang/Object;Ljava/util/function/Function;)Ljava/lang/Object; @ 114 c2
Event: 1.352 Thread 0x0000022d24eeff90 DEOPT PACKING pc=0x0000022d37410644 sp=0x000000ec39cfbaf0
Event: 1.353 Thread 0x0000022d24eeff90 DEOPT UNPACKING pc=0x0000022d36e27982 sp=0x000000ec39cfbaa0 mode 2
Event: 1.353 Thread 0x0000022d24eeff90 Uncommon trap: trap_request=0xffffffbe fr.pc=0x0000022d37410644 relative=0x00000000000006c4
Event: 1.353 Thread 0x0000022d24eeff90 Uncommon trap: reason=profile_predicate action=maybe_recompile pc=0x0000022d37410644 method=java.util.HashMap.computeIfAbsent(Ljava/lang/Object;Ljava/util/function/Function;)Ljava/lang/Object; @ 114 c2
Event: 1.353 Thread 0x0000022d24eeff90 DEOPT PACKING pc=0x0000022d37410644 sp=0x000000ec39cfbaf0
Event: 1.353 Thread 0x0000022d24eeff90 DEOPT UNPACKING pc=0x0000022d36e27982 sp=0x000000ec39cfbaa0 mode 2
Event: 1.353 Thread 0x0000022d24eeff90 Uncommon trap: trap_request=0xffffffbe fr.pc=0x0000022d37410644 relative=0x00000000000006c4
Event: 1.353 Thread 0x0000022d24eeff90 Uncommon trap: reason=profile_predicate action=maybe_recompile pc=0x0000022d37410644 method=java.util.HashMap.computeIfAbsent(Ljava/lang/Object;Ljava/util/function/Function;)Ljava/lang/Object; @ 114 c2
Event: 1.353 Thread 0x0000022d24eeff90 DEOPT PACKING pc=0x0000022d37410644 sp=0x000000ec39cfbaf0
Event: 1.353 Thread 0x0000022d24eeff90 DEOPT UNPACKING pc=0x0000022d36e27982 sp=0x000000ec39cfbaa0 mode 2
Event: 1.355 Thread 0x0000022d24eeff90 Uncommon trap: trap_request=0xffffff45 fr.pc=0x0000022d373fdf3c relative=0x0000000000000afc
Event: 1.355 Thread 0x0000022d24eeff90 Uncommon trap: reason=unstable_if action=reinterpret pc=0x0000022d373fdf3c method=com.sun.tools.javac.jvm.ClassReader.sigToType()Lcom/sun/tools/javac/code/Type; @ 288 c2
Event: 1.355 Thread 0x0000022d24eeff90 DEOPT PACKING pc=0x0000022d373fdf3c sp=0x000000ec39cfb690
Event: 1.355 Thread 0x0000022d24eeff90 DEOPT UNPACKING pc=0x0000022d36e27982 sp=0x000000ec39cfb650 mode 2

Classes loaded (20 events):
Event: 0.956 Loading class java/util/stream/Nodes$ArrayNode done
Event: 0.956 Loading class java/util/stream/Nodes$FixedNodeBuilder done
Event: 1.109 Loading class java/util/stream/ReduceOps$2
Event: 1.109 Loading class java/util/stream/ReduceOps$2 done
Event: 1.109 Loading class java/util/stream/ReduceOps$2ReducingSink
Event: 1.109 Loading class java/util/stream/ReduceOps$2ReducingSink done
Event: 1.141 Loading class java/util/function/ToIntBiFunction
Event: 1.141 Loading class java/util/function/ToIntBiFunction done
Event: 1.156 Loading class sun/nio/ch/ChannelOutputStream
Event: 1.156 Loading class sun/nio/ch/ChannelOutputStream done
Event: 1.188 Loading class java/util/EnumMap$EntrySet
Event: 1.189 Loading class java/util/EnumMap$EntrySet done
Event: 1.189 Loading class java/util/EnumMap$EntryIterator
Event: 1.189 Loading class java/util/EnumMap$EnumMapIterator
Event: 1.189 Loading class java/util/EnumMap$EnumMapIterator done
Event: 1.189 Loading class java/util/EnumMap$EntryIterator done
Event: 1.189 Loading class java/util/EnumMap$EntryIterator$Entry
Event: 1.189 Loading class java/util/EnumMap$EntryIterator$Entry done
Event: 1.331 Loading class java/io/DataOutputStream
Event: 1.331 Loading class java/io/DataOutputStream done

Classes unloaded (0 events):
No events

Classes redefined (0 events):
No events

Internal exceptions (20 events):
Event: 0.626 Thread 0x0000022d24eeff90 Exception <a 'sun/nio/fs/WindowsException'{0x0000000086d8dab8}> (0x0000000086d8dab8) 
thrown [s\open\src\hotspot\share\prims\jni.cpp, line 520]
Event: 0.689 Thread 0x0000022d24eeff90 Exception <a 'sun/nio/fs/WindowsException'{0x0000000086e7c538}> (0x0000000086e7c538) 
thrown [s\open\src\hotspot\share\prims\jni.cpp, line 520]
Event: 0.689 Thread 0x0000022d24eeff90 Exception <a 'sun/nio/fs/WindowsException'{0x0000000086e7cfa8}> (0x0000000086e7cfa8) 
thrown [s\open\src\hotspot\share\prims\jni.cpp, line 520]
Event: 0.727 Thread 0x0000022d24eeff90 Exception <a 'java/lang/NoSuchMethodError'{0x0000000086f93d20}: 'java.lang.Object java.lang.invoke.DirectMethodHandle$Holder.invokeInterface(java.lang.Object, java.lang.Object)'> (0x0000000086f93d20) 
thrown [s\open\src\hotspot\share\interpreter\linkResolver.cpp, line 796]
Event: 0.730 Thread 0x0000022d24eeff90 Exception <a 'java/lang/NoSuchMethodError'{0x0000000086fa2030}: 'java.lang.Object java.lang.invoke.DirectMethodHandle$Holder.invokeVirtual(java.lang.Object, java.lang.Object, java.lang.Object, int, int)'> (0x0000000086fa2030) 
thrown [s\open\src\hotspot\share\interpreter\linkResolver.cpp, line 796]
Event: 0.793 Thread 0x0000022d24eeff90 Exception <a 'sun/nio/fs/WindowsException'{0x0000000087526440}> (0x0000000087526440) 
thrown [s\open\src\hotspot\share\prims\jni.cpp, line 520]
Event: 0.794 Thread 0x0000022d24eeff90 Exception <a 'sun/nio/fs/WindowsException'{0x0000000087527160}> (0x0000000087527160) 
thrown [s\open\src\hotspot\share\prims\jni.cpp, line 520]
Event: 0.854 Thread 0x0000022d24eeff90 Exception <a 'java/lang/NoSuchMethodError'{0x00000000874b3000}: 'void java.lang.invoke.DirectMethodHandle$Holder.invokeSpecial(java.lang.Object, java.lang.Object, java.lang.Object, java.lang.Object, java.lang.Object)'> (0x00000000874b3000) 
thrown [s\open\src\hotspot\share\interpreter\linkResolver.cpp, line 796]
Event: 1.002 Thread 0x0000022d24eeff90 Exception <a 'java/lang/NoSuchMethodError'{0x0000000087704050}: 'int java.lang.invoke.DirectMethodHandle$Holder.invokeStatic(java.lang.Object, java.lang.Object, java.lang.Object, java.lang.Object)'> (0x0000000087704050) 
thrown [s\open\src\hotspot\share\interpreter\linkResolver.cpp, line 796]
Event: 1.154 Thread 0x0000022d24eeff90 Exception <a 'sun/nio/fs/WindowsException'{0x00000000879aeaf8}> (0x00000000879aeaf8) 
thrown [s\open\src\hotspot\share\prims\jni.cpp, line 520]
Event: 1.155 Thread 0x0000022d24eeff90 Exception <a 'sun/nio/fs/WindowsException'{0x00000000879aef50}> (0x00000000879aef50) 
thrown [s\open\src\hotspot\share\prims\jni.cpp, line 520]
Event: 1.173 Thread 0x0000022d24eeff90 Exception <a 'java/lang/NoSuchMethodError'{0x00000000879e47b8}: 'int java.lang.invoke.DirectMethodHandle$Holder.invokeVirtual(java.lang.Object, java.lang.Object, java.lang.Object, java.lang.Object)'> (0x00000000879e47b8) 
thrown [s\open\src\hotspot\share\interpreter\linkResolver.cpp, line 796]
Event: 1.176 Thread 0x0000022d24eeff90 Exception <a 'java/lang/NoSuchMethodError'{0x00000000879ee7f0}: 'java.lang.Object java.lang.invoke.DirectMethodHandle$Holder.newInvokeSpecial(java.lang.Object, java.lang.Object, int, java.lang.Object)'> (0x00000000879ee7f0) 
thrown [s\open\src\hotspot\share\interpreter\linkResolver.cpp, line 796]
Event: 1.177 Thread 0x0000022d24eeff90 Exception <a 'java/lang/NoSuchMethodError'{0x00000000879f2a40}: 'java.lang.Object java.lang.invoke.DirectMethodHandle$Holder.invokeSpecial(java.lang.Object, java.lang.Object, java.lang.Object, int, java.lang.Object)'> (0x00000000879f2a40) 
thrown [s\open\src\hotspot\share\interpreter\linkResolver.cpp, line 796]
Event: 1.341 Thread 0x0000022d24eeff90 Exception <a 'sun/nio/fs/WindowsException'{0x00000000876c8208}> (0x00000000876c8208) 
thrown [s\open\src\hotspot\share\prims\jni.cpp, line 520]
Event: 1.341 Thread 0x0000022d24eeff90 Exception <a 'sun/nio/fs/WindowsException'{0x00000000876c8670}> (0x00000000876c8670) 
thrown [s\open\src\hotspot\share\prims\jni.cpp, line 520]
Event: 1.364 Thread 0x0000022d24eeff90 Exception <a 'sun/nio/fs/WindowsException'{0x000000008755d160}> (0x000000008755d160) 
thrown [s\open\src\hotspot\share\prims\jni.cpp, line 520]
Event: 1.364 Thread 0x0000022d24eeff90 Exception <a 'sun/nio/fs/WindowsException'{0x000000008755d5c8}> (0x000000008755d5c8) 
thrown [s\open\src\hotspot\share\prims\jni.cpp, line 520]
Event: 1.374 Thread 0x0000022d24eeff90 Exception <a 'sun/nio/fs/WindowsException'{0x0000000087588568}> (0x0000000087588568) 
thrown [s\open\src\hotspot\share\prims\jni.cpp, line 520]
Event: 1.379 Thread 0x0000022d24eeff90 Exception <a 'sun/nio/fs/WindowsException'{0x0000000087595a18}> (0x0000000087595a18) 
thrown [s\open\src\hotspot\share\prims\jni.cpp, line 520]

VM Operations (20 events):
Event: 0.821 Executing VM operation: G1CollectForAllocation (G1 Evacuation Pause) done
Event: 0.865 Executing VM operation: G1CollectForAllocation (G1 Evacuation Pause)
Event: 0.870 Executing VM operation: G1CollectForAllocation (G1 Evacuation Pause) done
Event: 0.956 Executing VM operation: HandshakeAllThreads (Deoptimize)
Event: 0.957 Executing VM operation: HandshakeAllThreads (Deoptimize) done
Event: 0.958 Executing VM operation: HandshakeAllThreads (Deoptimize)
Event: 0.958 Executing VM operation: HandshakeAllThreads (Deoptimize) done
Event: 0.971 Executing VM operation: G1CollectForAllocation (G1 Evacuation Pause)
Event: 0.975 Executing VM operation: G1CollectForAllocation (G1 Evacuation Pause) done
Event: 1.100 Executing VM operation: HandshakeAllThreads (Deoptimize)
Event: 1.101 Executing VM operation: HandshakeAllThreads (Deoptimize) done
Event: 1.116 Executing VM operation: G1CollectForAllocation (G1 Evacuation Pause)
Event: 1.122 Executing VM operation: G1CollectForAllocation (G1 Evacuation Pause) done
Event: 1.309 Executing VM operation: HandshakeAllThreads (Deoptimize)
Event: 1.309 Executing VM operation: HandshakeAllThreads (Deoptimize) done
Event: 1.351 Executing VM operation: HandshakeAllThreads (Deoptimize)
Event: 1.351 Executing VM operation: HandshakeAllThreads (Deoptimize) done
Event: 1.351 Executing VM operation: HandshakeAllThreads (Deoptimize)
Event: 1.351 Executing VM operation: HandshakeAllThreads (Deoptimize) done
Event: 1.400 Executing VM operation: G1CollectForAllocation (G1 Evacuation Pause)

Memory protections (0 events):
No events

Nmethod flushes (20 events):
Event: 0.755 Thread 0x0000022d43bac320 flushing  nmethod 0x0000022d2f9d9888
Event: 0.755 Thread 0x0000022d43bac320 flushing  nmethod 0x0000022d2f9ddb08
Event: 0.755 Thread 0x0000022d43bac320 flushing  nmethod 0x0000022d2f9de108
Event: 0.755 Thread 0x0000022d43bac320 flushing  nmethod 0x0000022d2f9e1588
Event: 0.755 Thread 0x0000022d43bac320 flushing  nmethod 0x0000022d2f9e2308
Event: 0.755 Thread 0x0000022d43bac320 flushing  nmethod 0x0000022d2f9e2b08
Event: 0.755 Thread 0x0000022d43bac320 flushing  nmethod 0x0000022d2f9f9188
Event: 0.755 Thread 0x0000022d43bac320 flushing  nmethod 0x0000022d2fa01608
Event: 0.755 Thread 0x0000022d43bac320 flushing  nmethod 0x0000022d2fa46708
Event: 0.755 Thread 0x0000022d43bac320 flushing  nmethod 0x0000022d2fa4fc08
Event: 0.755 Thread 0x0000022d43bac320 flushing  nmethod 0x0000022d3739ec88
Event: 0.755 Thread 0x0000022d43bac320 flushing  nmethod 0x0000022d373bfa08
Event: 0.755 Thread 0x0000022d43bac320 flushing  nmethod 0x0000022d2f8a7688
Event: 0.755 Thread 0x0000022d43bac320 flushing  nmethod 0x0000022d2f8cea88
Event: 0.755 Thread 0x0000022d43bac320 flushing  nmethod 0x0000022d2f8d0788
Event: 0.755 Thread 0x0000022d43bac320 flushing  nmethod 0x0000022d2f8d4a08
Event: 0.755 Thread 0x0000022d43bac320 flushing  nmethod 0x0000022d2f8ebf08
Event: 0.755 Thread 0x0000022d43bac320 flushing  nmethod 0x0000022d2f8f8988
Event: 0.755 Thread 0x0000022d43bac320 flushing  nmethod 0x0000022d2f9e9408
Event: 0.755 Thread 0x0000022d43bac320 flushing  nmethod 0x0000022d2f9eb708

Events (13 events):
Event: 0.018 Thread 0x0000022d24eeff90 Thread added: 0x0000022d24eeff90
Event: 0.030 Thread 0x0000022d24eeff90 Thread added: 0x0000022d43bc2960
Event: 0.030 Thread 0x0000022d24eeff90 Thread added: 0x0000022d43bc40e0
Event: 0.030 Thread 0x0000022d24eeff90 Thread added: 0x0000022d43bca220
Event: 0.030 Thread 0x0000022d24eeff90 Thread added: 0x0000022d43bcbe70
Event: 0.030 Thread 0x0000022d24eeff90 Thread added: 0x0000022d43bcc500
Event: 0.030 Thread 0x0000022d24eeff90 Thread added: 0x0000022d43bccb90
Event: 0.030 Thread 0x0000022d24eeff90 Thread added: 0x0000022d43be0710
Event: 0.030 Thread 0x0000022d24eeff90 Thread added: 0x0000022d43be9300
Event: 0.046 Thread 0x0000022d24eeff90 Thread added: 0x0000022d43bcd220
Event: 0.058 Thread 0x0000022d43be0710 Thread added: 0x0000022d890d2790
Event: 0.061 Thread 0x0000022d24eeff90 Thread added: 0x0000022d43bcd8b0
Event: 0.471 Thread 0x0000022d43be9300 Thread added: 0x0000022d890d5740


Dynamic libraries:
0x00007ff7baed0000 - 0x00007ff7baed8000 	C:\Program Files\Java\jdk-23\bin\javac.exe
0x00007ff8f57c0000 - 0x00007ff8f5a27000 	C:\WINDOWS\SYSTEM32\ntdll.dll
0x00007ff8f4a70000 - 0x00007ff8f4b39000 	C:\WINDOWS\System32\KERNEL32.DLL
0x00007ff8f3020000 - 0x00007ff8f340f000 	C:\WINDOWS\System32\KERNELBASE.dll
0x00007ff8f2da0000 - 0x00007ff8f2eeb000 	C:\WINDOWS\System32\ucrtbase.dll
0x00007ff8d5470000 - 0x00007ff8d5487000 	C:\Program Files\Java\jdk-23\bin\jli.dll
0x00007ff8e7b60000 - 0x00007ff8e7b7b000 	C:\Program Files\Java\jdk-23\bin\VCRUNTIME140.dll
0x00007ff8f5230000 - 0x00007ff8f53f5000 	C:\WINDOWS\System32\USER32.dll
0x00007ff8da960000 - 0x00007ff8dabf3000 	C:\WINDOWS\WinSxS\amd64_microsoft.windows.common-controls_6595b64144ccf1df_6.0.26100.7309_none_3e05feeae336a044\COMCTL32.dll
0x00007ff8f2cb0000 - 0x00007ff8f2cd7000 	C:\WINDOWS\System32\win32u.dll
0x00007ff8f5000000 - 0x00007ff8f50a9000 	C:\WINDOWS\System32\msvcrt.dll
0x00007ff8f35f0000 - 0x00007ff8f361b000 	C:\WINDOWS\System32\GDI32.dll
0x00007ff8f2ef0000 - 0x00007ff8f301c000 	C:\WINDOWS\System32\gdi32full.dll
0x00007ff8f2910000 - 0x00007ff8f29b3000 	C:\WINDOWS\System32\msvcp_win.dll
0x00007ff8f3840000 - 0x00007ff8f3871000 	C:\WINDOWS\System32\IMM32.DLL
0x00007ff8e7f40000 - 0x00007ff8e7f4c000 	C:\Program Files\Java\jdk-23\bin\vcruntime140_1.dll
0x00007ff891940000 - 0x00007ff8919ce000 	C:\Program Files\Java\jdk-23\bin\msvcp140.dll
0x00007ff88c000000 - 0x00007ff88cd50000 	C:\Program Files\Java\jdk-23\bin\server\jvm.dll
0x00007ff8f46e0000 - 0x00007ff8f4794000 	C:\WINDOWS\System32\ADVAPI32.dll
0x00007ff8f5180000 - 0x00007ff8f5226000 	C:\WINDOWS\System32\sechost.dll
0x00007ff8f5570000 - 0x00007ff8f5688000 	C:\WINDOWS\System32\RPCRT4.dll
0x00007ff8f56a0000 - 0x00007ff8f5714000 	C:\WINDOWS\System32\WS2_32.dll
0x00007ff8f2790000 - 0x00007ff8f27ee000 	C:\WINDOWS\SYSTEM32\POWRPROF.dll
0x00007ff8dad30000 - 0x00007ff8dad65000 	C:\WINDOWS\SYSTEM32\WINMM.dll
0x00007ff8e0630000 - 0x00007ff8e063b000 	C:\WINDOWS\SYSTEM32\VERSION.dll
0x00007ff8f2770000 - 0x00007ff8f2784000 	C:\WINDOWS\SYSTEM32\UMPDC.dll
0x00007ff8f16c0000 - 0x00007ff8f16db000 	C:\WINDOWS\SYSTEM32\kernel.appcore.dll
0x00007ff8e7e90000 - 0x00007ff8e7e9a000 	C:\Program Files\Java\jdk-23\bin\jimage.dll
0x00007ff8f02b0000 - 0x00007ff8f04f2000 	C:\WINDOWS\SYSTEM32\DBGHELP.DLL
0x00007ff8f4b40000 - 0x00007ff8f4ec6000 	C:\WINDOWS\System32\combase.dll
0x00007ff8f4990000 - 0x00007ff8f4a66000 	C:\WINDOWS\System32\OLEAUT32.dll
0x00007ff8c9930000 - 0x00007ff8c996c000 	C:\WINDOWS\SYSTEM32\dbgcore.DLL
0x00007ff8f34b0000 - 0x00007ff8f3555000 	C:\WINDOWS\System32\bcryptPrimitives.dll
0x00007ff8dc2c0000 - 0x00007ff8dc2de000 	C:\Program Files\Java\jdk-23\bin\java.dll
0x00007ff8f3620000 - 0x00007ff8f37b7000 	C:\WINDOWS\System32\ole32.dll
0x00007ff8f3d30000 - 0x00007ff8f4483000 	C:\WINDOWS\System32\SHELL32.dll
0x00007ff8f29c0000 - 0x00007ff8f2b2a000 	C:\WINDOWS\System32\wintypes.dll
0x00007ff8f0530000 - 0x00007ff8f0d8e000 	C:\WINDOWS\SYSTEM32\windows.storage.dll
0x00007ff8f4f00000 - 0x00007ff8f4ff4000 	C:\WINDOWS\System32\SHCORE.dll
0x00007ff8f4590000 - 0x00007ff8f45f6000 	C:\WINDOWS\System32\shlwapi.dll
0x00007ff8f2800000 - 0x00007ff8f2829000 	C:\WINDOWS\SYSTEM32\profapi.dll
0x00007ff88e210000 - 0x00007ff88e2e7000 	C:\Program Files\Java\jdk-23\bin\jsvml.dll
0x00007ff8dc510000 - 0x00007ff8dc520000 	C:\Program Files\Java\jdk-23\bin\net.dll
0x00007ff8f1c30000 - 0x00007ff8f1c9b000 	C:\WINDOWS\system32\mswsock.dll
0x00007ff8dc1a0000 - 0x00007ff8dc1b6000 	C:\Program Files\Java\jdk-23\bin\nio.dll
0x00007ff8db3d0000 - 0x00007ff8db3e7000 	C:\Program Files\Java\jdk-23\bin\zip.dll

dbghelp: loaded successfully - version: 4.0.5 - missing functions: none
symbol engine: initialized successfully - sym options: 0x614 - pdb path: .;C:\Program Files\Java\jdk-23\bin;C:\WINDOWS\SYSTEM32;C:\WINDOWS\WinSxS\amd64_microsoft.windows.common-controls_6595b64144ccf1df_6.0.26100.7309_none_3e05feeae336a044;C:\Program Files\Java\jdk-23\bin\server

VM Arguments:
jvm_args: -Dapplication.home=C:\Program Files\Java\jdk-23 --add-modules=ALL-DEFAULT -Xms8m -Djdk.module.main=jdk.compiler 
java_command: jdk.compiler/com.sun.tools.javac.Main -d D:\PRAKTIKUM SEM 3\PBO\SISTEM MANAJEMEN HOTEL\build\classes -classpath D:\PRAKTIKUM SEM 3\PBO\SISTEM MANAJEMEN HOTEL\build\classes;C:\Program Files\NetBeans-24\netbeans\java\modules\ext\AbsoluteLayout.jar -sourcepath D:\PRAKTIKUM SEM 3\PBO\SISTEM MANAJEMEN HOTEL\build\empty -target 23 -encoding UTF-8 -g -processorpath C:\Program Files\NetBeans-24\netbeans\java\modules\ext\AbsoluteLayout.jar;D:\PRAKTIKUM SEM 3\PBO\SISTEM MANAJEMEN HOTEL\build\empty -s D:\PRAKTIKUM SEM 3\PBO\SISTEM MANAJEMEN HOTEL\build\generated-sources\ap-source-output -source 23 D:\PRAKTIKUM SEM 3\PBO\SISTEM MANAJEMEN HOTEL\src\Gui\CheckInFrame.java D:\PRAKTIKUM SEM 3\PBO\SISTEM MANAJEMEN HOTEL\src\Gui\CheckOutFrame.java D:\PRAKTIKUM SEM 3\PBO\SISTEM MANAJEMEN HOTEL\src\Gui\HistoryFrame.java D:\PRAKTIKUM SEM 3\PBO\SISTEM MANAJEMEN HOTEL\src\Gui\LoginFrame.java D:\PRAKTIKUM SEM 3\PBO\SISTEM MANAJEMEN HOTEL\src\Gui\MainMenuFrame.java D:\PRAKTIKUM SEM 3\PBO\SISTEM MANAJEMEN HOTEL\src\Gui\ReceiptFrame.java D:\PRAKTIKUM SEM 3\PBO\SISTEM MANAJEMEN HOTEL\src\Gui\RoomListFrame.java D:\PRAKTIKUM SEM 3\PBO\SISTEM MANAJEMEN HOTEL\src\Gui\ThermalPrinter.java D:\PRAKTIKUM SEM 3\PBO\SISTEM MANAJEMEN HOTEL\src\Gui\WeeklyReportFrame.java D:\PRAKTIKUM SEM 3\PBO\SISTEM MANAJEMEN HOTEL\src\Main\HotelApp.java D:\PRAKTIKUM SEM 3\PBO\SISTEM MANAJEMEN HOTEL\src\Main\Sistem_Manajemen_Hotel.java D:\PRAKTIKUM SEM 3\PBO\SISTEM MANAJEMEN HOTEL\src\model\DeluxeRoom.java D:\PRAKTIKUM SEM 3\PBO\SISTEM MANAJEMEN HOTEL\src\model\Employee.java D:\PRAKTIKUM SEM 3\PBO\SISTEM MANAJEMEN HOTEL\src\model\Guest.java D:\PRAKTIKUM SEM 3\PBO\SISTEM MANAJEMEN HOTEL\src\model\Payment.java D:\PRAKTIKUM SEM 3\PBO\SISTEM MANAJEMEN HOTEL\src\model\Room.java D:\PRAKTIKUM SEM 3\PBO\SISTEM MANAJEMEN HOTEL\src\model\StandardRoom.java D:\PRAKTIKUM SEM 3\PBO\SISTEM MANAJEMEN HOTEL\src\model\Transaction.java D:\PRAKTIKUM SEM 3\PBO\SISTEM MANAJEMEN HOTEL\src\service\BookingService.java D:\PRAKTIKUM 
java_class_path (initial): <not set>
Launcher Type: SUN_STANDARD

[Global flags]
     intx CICompilerCount                          = 4                                         {product} {ergonomic}
     uint ConcGCThreads                            = 2                                         {product} {ergonomic}
     uint G1ConcRefinementThreads                  = 8                                         {product} {ergonomic}
   size_t G1HeapRegionSize                         = 1048576                                   {product} {ergonomic}
   size_t InitialHeapSize                          = 8388608                                   {product} {command line}
   size_t MarkStackSize                            = 4194304                                   {product} {ergonomic}
   size_t MarkStackSizeMax                         = 536870912                                 {product} {ergonomic}
   size_t MaxHeapSize                              = 2040528896                                {product} {ergonomic}
   size_t MaxNewSize                               = 1223688192                                {product} {ergonomic}
   size_t MinHeapDeltaBytes                        = 1048576                                   {product} {ergonomic}
   size_t MinHeapSize                              = 8388608                                   {product} {command line}
    uintx NonNMethodCodeHeapSize                   = 5832704                                {pd product} {ergonomic}
    uintx NonProfiledCodeHeapSize                  = 122945536                              {pd product} {ergonomic}
    uintx ProfiledCodeHeapSize                     = 122880000                              {pd product} {ergonomic}
    uintx ReservedCodeCacheSize                    = 251658240                              {pd product} {ergonomic}
     bool SegmentedCodeCache                       = true                                      {product} {ergonomic}
   size_t SoftMaxHeapSize                          = 2040528896                             {manageable} {ergonomic}
     bool UseCompressedOops                        = true                           {product lp64_product} {ergonomic}
     bool UseG1GC                                  = true                                      {product} {ergonomic}
     bool UseLargePagesIndividualAllocation        = false                                  {pd product} {ergonomic}

Logging:
Log output configuration:
 #0: stdout all=warning uptime,level,tags foldmultilines=false
 #1: stderr all=off uptime,level,tags foldmultilines=false

Environment Variables:
PATH=C:\Program Files\Common Files\Oracle\Java\javapath;C:\Program Files (x86)\Common Files\Intel\Shared Files\cpp\bin\Intel64;C:\Program Files (x86)\Common Files\Oracle\Java\java8path;C:\Program Files (x86)\Common Files\Oracle\Java\javapath;C:\WINDOWS\system32;C:\WINDOWS;C:\WINDOWS\System32\Wbem;C:\WINDOWS\System32\WindowsPowerShell\v1.0\;C:\WINDOWS\System32\OpenSSH\;D:\Program Files\Java\jdk-23\bin;C:\Program Files\dotnet\;C:\Program Files (x86)\Microsoft SQL Server\160\Tools\Binn\;C:\Program Files\Microsoft SQL Server\160\Tools\Binn\;C:\Program Files\Microsoft SQL Server\Client SDK\ODBC\170\Tools\Binn\;C:\Program Files\Microsoft SQL Server\160\DTS\Binn\;C:\Program Files\Microsoft SQL Server\170\DTS\Binn\;C:\Program Files (x86)\Microsoft SQL Server\160\DTS\Binn\;D:\PRAKTIKUM SEM 3\PBO\Git\cmd;C:\Users\User\AppData\Local\Programs\Python\Python313\Scripts\;C:\Users\User\AppData\Local\Programs\Python\Python313\;C:\Users\User\AppData\Local\Programs\Python\Launcher\;C:\Users\User\AppData\Local\Microsoft\WindowsApps;C:\Users\User\AppData\Local\Programs\Microsoft VS Code\bin;C:\Users\User\AppData\Local\Muse Hub\lib;
USERNAME=User
OS=Windows_NT
PROCESSOR_IDENTIFIER=Intel64 Family 6 Model 126 Stepping 5, GenuineIntel
TMP=C:\Users\User\AppData\Local\Temp
TEMP=C:\Users\User\AppData\Local\Temp




Periodic native trim disabled

---------------  S Y S T E M  ---------------

OS:
 Windows 11 , 64 bit Build 26100 (10.0.26100.7309)
OS uptime: 0 days 0:39 hours

CPU: total 8 (initial active 8) (4 cores per cpu, 2 threads per core) family 6 model 126 stepping 5 microcode 0xbc, cx8, cmov, fxsr, ht, mmx, 3dnowpref, sse, sse2, sse3, ssse3, sse4.1, sse4.2, popcnt, lzcnt, tsc, tscinvbit, avx, avx2, aes, erms, clmul, bmi1, bmi2, adx, avx512f, avx512dq, avx512cd, avx512bw, avx512vl, sha, fma, vzeroupper, avx512_vpopcntdq, avx512_vpclmulqdq, avx512_vaes, avx512_vnni, clflush, clflushopt, avx512_vbmi2, avx512_vbmi, rdtscp, rdpid, fsrm, gfni, avx512_bitalg, f16c, pku, avx512_ifma
Processor Information for processor 0
  Max Mhz: 1498, Current Mhz: 998, Mhz Limit: 1198
Processor Information for processor 1
  Max Mhz: 1498, Current Mhz: 1198, Mhz Limit: 1198
Processor Information for processor 2
  Max Mhz: 1498, Current Mhz: 1198, Mhz Limit: 1198
Processor Information for processor 3
  Max Mhz: 1498, Current Mhz: 1198, Mhz Limit: 1198
Processor Information for processor 4
  Max Mhz: 1498, Current Mhz: 1198, Mhz Limit: 1198
Processor Information for processor 5
  Max Mhz: 1498, Current Mhz: 1198, Mhz Limit: 1198
Processor Information for processor 6
  Max Mhz: 1498, Current Mhz: 1198, Mhz Limit: 1198
Processor Information for processor 7
  Max Mhz: 1498, Current Mhz: 1198, Mhz Limit: 1198

Memory: 4k page, system-wide physical 7778M (1237M free)
TotalPageFile size 8932M (AvailPageFile size 15M)
current process WorkingSet (physical memory assigned to process): 130M, peak: 133M
current process commit charge ("private bytes"): 157M, peak: 175M

vm_info: Java HotSpot(TM) 64-Bit Server VM (23.0.2+7-58) for windows-amd64 JRE (23.0.2+7-58), built on 2024-11-29T09:34:55Z with MS VC++ 17.6 (VS2022)

END.
